<?xml version="1.0" encoding="UTF-8"?>
<!-- Generated by org.testng.reporters.JUnitReportReporter -->
<testsuite hostname="MAHESH" failures="0" tests="1" name="com.selenium.demo_test_automation.AppTest" time="0.010" errors="0" timestamp="2022-11-21T22:09:08 IST" skipped="0">
  <testcase classname="com.selenium.demo_test_automation.AppTest" name="shouldAnswerWithTrue" time="0.010"/>
  <system-out/>
</testsuite> <!-- com.selenium.demo_test_automation.AppTest -->
